<?xml version="1.0" encoding="UTF-8"?>
<robot generator="Robot 5.0.1 (Python 3.8.10 on win32)" generated="20220911 21:13:12.959" rpa="false" schemaversion="3">
<suite id="s1" name="AnalysisQueue" source="D:\pharma\Tests\AnalysisQueue">
<suite id="s1-s1" name="AnalysisQueue TC 001" source="D:\pharma\Tests\AnalysisQueue\AnalysisQueue_TC_001.robot">
<test id="s1-s1-t1" name="Verify that Showing an Analysis Queue popup from" line="8">
<kw name="open my browser" library="LoginPage">
<kw name="Open Browser" library="SeleniumLibrary">
<arg>${SiteUrl}</arg>
<arg>${Browser}</arg>
<doc>Opens a new browser instance to the optional ``url``.</doc>
<msg timestamp="20220911 21:13:13.613" level="INFO">Opening browser 'chrome' to base url 'https://sandbox.jnjesm.com/'.</msg>
<status status="PASS" starttime="20220911 21:13:13.613" endtime="20220911 21:13:30.341"/>
</kw>
<kw name="Maximize Browser Window" library="SeleniumLibrary">
<doc>Maximizes current browser window.</doc>
<status status="PASS" starttime="20220911 21:13:30.343" endtime="20220911 21:13:33.929"/>
</kw>
<status status="PASS" starttime="20220911 21:13:13.612" endtime="20220911 21:13:33.930"/>
</kw>
<kw name="click signIn" library="LoginPage">
<kw name="Set Selenium Implicit Wait" library="SeleniumLibrary">
<arg>300</arg>
<doc>Sets the implicit wait value used by Selenium.</doc>
<status status="PASS" starttime="20220911 21:13:33.930" endtime="20220911 21:13:33.930"/>
</kw>
<kw name="Click Element" library="SeleniumLibrary">
<arg>${Authentication_Method}</arg>
<doc>Click the element identified by ``locator``.</doc>
<msg timestamp="20220911 21:13:33.930" level="INFO">Clicking element '//select[@name='scheme']'.</msg>
<status status="PASS" starttime="20220911 21:13:33.930" endtime="20220911 21:13:34.188"/>
</kw>
<kw name="Click Element" library="SeleniumLibrary">
<arg>${Select_Authentication_Method}</arg>
<doc>Click the element identified by ``locator``.</doc>
<msg timestamp="20220911 21:13:34.193" level="INFO">Clicking element '//option[contains(text(),'Non-J&amp;J')]'.</msg>
<status status="PASS" starttime="20220911 21:13:34.190" endtime="20220911 21:13:34.267"/>
</kw>
<kw name="Input Text" library="SeleniumLibrary">
<arg>${SET_EMAIL}</arg>
<arg>${user}</arg>
<doc>Types the given ``text`` into the text field identified by ``locator``.</doc>
<msg timestamp="20220911 21:13:34.270" level="INFO">Typing text 'ramin@rchsolutions.com' into text field '//input[@name='username']'.</msg>
<status status="PASS" starttime="20220911 21:13:34.269" endtime="20220911 21:13:34.573"/>
</kw>
<kw name="Page Should Contain Textfield" library="SeleniumLibrary">
<arg>${user}</arg>
<doc>Verifies text field ``locator`` is found from current page.</doc>
<msg timestamp="20220911 21:13:34.600" level="INFO">Current page contains text field 'ramin@rchsolutions.com'.</msg>
<status status="PASS" starttime="20220911 21:13:34.576" endtime="20220911 21:13:34.600"/>
</kw>
<kw name="Input Password" library="SeleniumLibrary">
<arg>${SET_PASS}</arg>
<arg>${password}</arg>
<doc>Types the given password into the text field identified by ``locator``.</doc>
<msg timestamp="20220911 21:13:34.603" level="INFO">Typing password into text field '//input[@name='password']'.</msg>
<msg timestamp="20220911 21:13:34.654" level="INFO">Temporally setting log level to: NONE</msg>
<msg timestamp="20220911 21:13:34.778" level="INFO">Log level changed from NONE to INFO.</msg>
<status status="PASS" starttime="20220911 21:13:34.602" endtime="20220911 21:13:34.779"/>
</kw>
<kw name="Page Should Contain Textfield" library="SeleniumLibrary">
<arg>${password}</arg>
<doc>Verifies text field ``locator`` is found from current page.</doc>
<msg timestamp="20220911 21:13:34.801" level="INFO">Current page contains text field 'Swamibapa2022@'.</msg>
<status status="PASS" starttime="20220911 21:13:34.781" endtime="20220911 21:13:34.801"/>
</kw>
<kw name="Page Should Contain Button" library="SeleniumLibrary">
<arg>${CLICK_SIGNIN_BTN}</arg>
<doc>Verifies button ``locator`` is found from current page.</doc>
<msg timestamp="20220911 21:13:34.841" level="INFO">Current page contains button '//button[@value='login']'.</msg>
<status status="PASS" starttime="20220911 21:13:34.803" endtime="20220911 21:13:34.841"/>
</kw>
<kw name="Page Should Contain Element" library="SeleniumLibrary">
<arg>${FORGOT_PASS_HYPERLINK}</arg>
<doc>Verifies that element ``locator`` is found on the current page.</doc>
<msg timestamp="20220911 21:13:34.855" level="INFO">Current page contains element '//a[contains(text(),'Forgot password?')]'.</msg>
<status status="PASS" starttime="20220911 21:13:34.843" endtime="20220911 21:13:34.855"/>
</kw>
<kw name="Click Element" library="SeleniumLibrary">
<arg>${CLICK_SIGNIN_BTN}</arg>
<doc>Click the element identified by ``locator``.</doc>
<msg timestamp="20220911 21:13:34.858" level="INFO">Clicking element '//button[@value='login']'.</msg>
<status status="PASS" starttime="20220911 21:13:34.857" endtime="20220911 21:13:37.702"/>
</kw>
<kw name="Sleep" library="BuiltIn">
<arg>5</arg>
<doc>Pauses the test executed for the given time.</doc>
<msg timestamp="20220911 21:13:42.711" level="INFO">Slept 5 seconds</msg>
<status status="PASS" starttime="20220911 21:13:37.703" endtime="20220911 21:13:42.711"/>
</kw>
<status status="PASS" starttime="20220911 21:13:33.930" endtime="20220911 21:13:42.713"/>
</kw>
<kw name="Verify that Showing an Analysis Queue popup from" library="AnalysisQueuePage_001">
<kw name="Set Selenium Implicit Wait" library="SeleniumLibrary">
<arg>300</arg>
<doc>Sets the implicit wait value used by Selenium.</doc>
<status status="PASS" starttime="20220911 21:13:42.715" endtime="20220911 21:13:42.716"/>
</kw>
<kw name="Click Element" library="SeleniumLibrary">
<arg>${Close_Button}</arg>
<doc>Click the element identified by ``locator``.</doc>
<msg timestamp="20220911 21:13:42.719" level="INFO">Clicking element '(//button[contains(text(),'Close')])[1]'.</msg>
<status status="PASS" starttime="20220911 21:13:42.719" endtime="20220911 21:13:42.815"/>
</kw>
<kw name="Page Should Contain Element" library="SeleniumLibrary">
<arg>${Analysis_Queue_Button}</arg>
<doc>Verifies that element ``locator`` is found on the current page.</doc>
<msg timestamp="20220911 21:13:42.838" level="INFO">Current page contains element '//a[@title='Analysis queue']'.</msg>
<status status="PASS" starttime="20220911 21:13:42.817" endtime="20220911 21:13:42.838"/>
</kw>
<kw name="Click Element" library="SeleniumLibrary">
<arg>${Analysis_Queue_Button}</arg>
<doc>Click the element identified by ``locator``.</doc>
<msg timestamp="20220911 21:13:42.841" level="INFO">Clicking element '//a[@title='Analysis queue']'.</msg>
<status status="PASS" starttime="20220911 21:13:42.840" endtime="20220911 21:13:42.922"/>
</kw>
<kw name="Sleep" library="BuiltIn">
<arg>3</arg>
<doc>Pauses the test executed for the given time.</doc>
<msg timestamp="20220911 21:13:45.931" level="INFO">Slept 3 seconds</msg>
<status status="PASS" starttime="20220911 21:13:42.922" endtime="20220911 21:13:45.931"/>
</kw>
<status status="PASS" starttime="20220911 21:13:42.714" endtime="20220911 21:13:45.932"/>
</kw>
<kw name="Close Browser" library="SeleniumLibrary">
<doc>Closes the current browser.</doc>
<status status="PASS" starttime="20220911 21:13:45.933" endtime="20220911 21:13:50.338"/>
</kw>
<status status="PASS" starttime="20220911 21:13:13.611" endtime="20220911 21:13:50.342"/>
</test>
<status status="PASS" starttime="20220911 21:13:13.137" endtime="20220911 21:13:50.407"/>
</suite>
<suite id="s1-s2" name="AnalysisQueue TC 002" source="D:\pharma\Tests\AnalysisQueue\AnalysisQueue_TC_002.robot">
<test id="s1-s2-t1" name="Visible Jobs and All Jobs field is clickable" line="8">
<kw name="open my browser" library="LoginPage">
<kw name="Open Browser" library="SeleniumLibrary">
<arg>${SiteUrl}</arg>
<arg>${Browser}</arg>
<doc>Opens a new browser instance to the optional ``url``.</doc>
<msg timestamp="20220911 21:13:50.435" level="INFO">Opening browser 'chrome' to base url 'https://sandbox.jnjesm.com/'.</msg>
<status status="PASS" starttime="20220911 21:13:50.435" endtime="20220911 21:14:03.957"/>
</kw>
<kw name="Maximize Browser Window" library="SeleniumLibrary">
<doc>Maximizes current browser window.</doc>
<status status="PASS" starttime="20220911 21:14:03.959" endtime="20220911 21:14:08.632"/>
</kw>
<status status="PASS" starttime="20220911 21:13:50.434" endtime="20220911 21:14:08.633"/>
</kw>
<kw name="click signIn" library="LoginPage">
<kw name="Set Selenium Implicit Wait" library="SeleniumLibrary">
<arg>300</arg>
<doc>Sets the implicit wait value used by Selenium.</doc>
<status status="PASS" starttime="20220911 21:14:08.634" endtime="20220911 21:14:08.635"/>
</kw>
<kw name="Click Element" library="SeleniumLibrary">
<arg>${Authentication_Method}</arg>
<doc>Click the element identified by ``locator``.</doc>
<msg timestamp="20220911 21:14:08.638" level="INFO">Clicking element '//select[@name='scheme']'.</msg>
<status status="PASS" starttime="20220911 21:14:08.637" endtime="20220911 21:14:08.928"/>
</kw>
<kw name="Click Element" library="SeleniumLibrary">
<arg>${Select_Authentication_Method}</arg>
<doc>Click the element identified by ``locator``.</doc>
<msg timestamp="20220911 21:14:08.931" level="INFO">Clicking element '//option[contains(text(),'Non-J&amp;J')]'.</msg>
<status status="PASS" starttime="20220911 21:14:08.930" endtime="20220911 21:14:08.991"/>
</kw>
<kw name="Input Text" library="SeleniumLibrary">
<arg>${SET_EMAIL}</arg>
<arg>${user}</arg>
<doc>Types the given ``text`` into the text field identified by ``locator``.</doc>
<msg timestamp="20220911 21:14:08.997" level="INFO">Typing text 'ramin@rchsolutions.com' into text field '//input[@name='username']'.</msg>
<status status="PASS" starttime="20220911 21:14:08.995" endtime="20220911 21:14:09.232"/>
</kw>
<kw name="Page Should Contain Textfield" library="SeleniumLibrary">
<arg>${user}</arg>
<doc>Verifies text field ``locator`` is found from current page.</doc>
<msg timestamp="20220911 21:14:09.256" level="INFO">Current page contains text field 'ramin@rchsolutions.com'.</msg>
<status status="PASS" starttime="20220911 21:14:09.233" endtime="20220911 21:14:09.256"/>
</kw>
<kw name="Input Password" library="SeleniumLibrary">
<arg>${SET_PASS}</arg>
<arg>${password}</arg>
<doc>Types the given password into the text field identified by ``locator``.</doc>
<msg timestamp="20220911 21:14:09.260" level="INFO">Typing password into text field '//input[@name='password']'.</msg>
<msg timestamp="20220911 21:14:09.343" level="INFO">Temporally setting log level to: NONE</msg>
<msg timestamp="20220911 21:14:09.482" level="INFO">Log level changed from NONE to INFO.</msg>
<status status="PASS" starttime="20220911 21:14:09.259" endtime="20220911 21:14:09.483"/>
</kw>
<kw name="Page Should Contain Textfield" library="SeleniumLibrary">
<arg>${password}</arg>
<doc>Verifies text field ``locator`` is found from current page.</doc>
<msg timestamp="20220911 21:14:09.509" level="INFO">Current page contains text field 'Swamibapa2022@'.</msg>
<status status="PASS" starttime="20220911 21:14:09.484" endtime="20220911 21:14:09.509"/>
</kw>
<kw name="Page Should Contain Button" library="SeleniumLibrary">
<arg>${CLICK_SIGNIN_BTN}</arg>
<doc>Verifies button ``locator`` is found from current page.</doc>
<msg timestamp="20220911 21:14:09.565" level="INFO">Current page contains button '//button[@value='login']'.</msg>
<status status="PASS" starttime="20220911 21:14:09.510" endtime="20220911 21:14:09.566"/>
</kw>
<kw name="Page Should Contain Element" library="SeleniumLibrary">
<arg>${FORGOT_PASS_HYPERLINK}</arg>
<doc>Verifies that element ``locator`` is found on the current page.</doc>
<msg timestamp="20220911 21:14:09.588" level="INFO">Current page contains element '//a[contains(text(),'Forgot password?')]'.</msg>
<status status="PASS" starttime="20220911 21:14:09.567" endtime="20220911 21:14:09.589"/>
</kw>
<kw name="Click Element" library="SeleniumLibrary">
<arg>${CLICK_SIGNIN_BTN}</arg>
<doc>Click the element identified by ``locator``.</doc>
<msg timestamp="20220911 21:14:09.591" level="INFO">Clicking element '//button[@value='login']'.</msg>
<status status="PASS" starttime="20220911 21:14:09.590" endtime="20220911 21:14:12.548"/>
</kw>
<kw name="Sleep" library="BuiltIn">
<arg>5</arg>
<doc>Pauses the test executed for the given time.</doc>
<msg timestamp="20220911 21:14:17.564" level="INFO">Slept 5 seconds</msg>
<status status="PASS" starttime="20220911 21:14:12.549" endtime="20220911 21:14:17.564"/>
</kw>
<status status="PASS" starttime="20220911 21:14:08.634" endtime="20220911 21:14:17.571"/>
</kw>
<kw name="Visible Jobs and All Jobs field is clickable" library="AnalysisQueuePage_002">
<kw name="Set Selenium Implicit Wait" library="SeleniumLibrary">
<arg>300</arg>
<doc>Sets the implicit wait value used by Selenium.</doc>
<status status="PASS" starttime="20220911 21:14:17.580" endtime="20220911 21:14:17.588"/>
</kw>
<kw name="Click Element" library="SeleniumLibrary">
<arg>${Close_Button}</arg>
<doc>Click the element identified by ``locator``.</doc>
<msg timestamp="20220911 21:14:17.597" level="INFO">Clicking element '(//button[contains(text(),'Close')])[1]'.</msg>
<status status="PASS" starttime="20220911 21:14:17.592" endtime="20220911 21:14:17.725"/>
</kw>
<kw name="Page Should Contain Element" library="SeleniumLibrary">
<arg>${Analysis_Queue_Button}</arg>
<doc>Verifies that element ``locator`` is found on the current page.</doc>
<msg timestamp="20220911 21:14:17.744" level="INFO">Current page contains element '//a[@title='Analysis queue']'.</msg>
<status status="PASS" starttime="20220911 21:14:17.727" endtime="20220911 21:14:17.744"/>
</kw>
<kw name="Click Element" library="SeleniumLibrary">
<arg>${Analysis_Queue_Button}</arg>
<doc>Click the element identified by ``locator``.</doc>
<msg timestamp="20220911 21:14:17.745" level="INFO">Clicking element '//a[@title='Analysis queue']'.</msg>
<status status="PASS" starttime="20220911 21:14:17.745" endtime="20220911 21:14:17.825"/>
</kw>
<kw name="Page Should Contain Element" library="SeleniumLibrary">
<arg>${Visible_Jobs}</arg>
<doc>Verifies that element ``locator`` is found on the current page.</doc>
<msg timestamp="20220911 21:14:17.843" level="INFO">Current page contains element '//a[contains(text(),'Visible Jobs')]'.</msg>
<status status="PASS" starttime="20220911 21:14:17.827" endtime="20220911 21:14:17.843"/>
</kw>
<kw name="Click Element" library="SeleniumLibrary">
<arg>${Visible_Jobs}</arg>
<doc>Click the element identified by ``locator``.</doc>
<msg timestamp="20220911 21:14:17.845" level="INFO">Clicking element '//a[contains(text(),'Visible Jobs')]'.</msg>
<status status="PASS" starttime="20220911 21:14:17.844" endtime="20220911 21:14:17.903"/>
</kw>
<kw name="Page Should Contain Element" library="SeleniumLibrary">
<arg>${All_Jobs}</arg>
<doc>Verifies that element ``locator`` is found on the current page.</doc>
<msg timestamp="20220911 21:14:17.923" level="INFO">Current page contains element '//a[contains(text(),'All Jobs')]'.</msg>
<status status="PASS" starttime="20220911 21:14:17.907" endtime="20220911 21:14:17.923"/>
</kw>
<kw name="Click Element" library="SeleniumLibrary">
<arg>${All_Jobs}</arg>
<doc>Click the element identified by ``locator``.</doc>
<msg timestamp="20220911 21:14:17.926" level="INFO">Clicking element '//a[contains(text(),'All Jobs')]'.</msg>
<status status="PASS" starttime="20220911 21:14:17.926" endtime="20220911 21:14:18.001"/>
</kw>
<kw name="Sleep" library="BuiltIn">
<arg>3</arg>
<doc>Pauses the test executed for the given time.</doc>
<msg timestamp="20220911 21:14:21.010" level="INFO">Slept 3 seconds</msg>
<status status="PASS" starttime="20220911 21:14:18.003" endtime="20220911 21:14:21.010"/>
</kw>
<status status="PASS" starttime="20220911 21:14:17.572" endtime="20220911 21:14:21.011"/>
</kw>
<kw name="Close Browser" library="SeleniumLibrary">
<doc>Closes the current browser.</doc>
<status status="PASS" starttime="20220911 21:14:21.013" endtime="20220911 21:14:23.273"/>
</kw>
<status status="PASS" starttime="20220911 21:13:50.433" endtime="20220911 21:14:23.278"/>
</test>
<status status="PASS" starttime="20220911 21:13:50.414" endtime="20220911 21:14:23.315"/>
</suite>
<suite id="s1-s3" name="AnalysisQueue TC 003" source="D:\pharma\Tests\AnalysisQueue\AnalysisQueue_TC_003.robot">
<test id="s1-s3-t1" name="Verify that After clicking on Time Arrow it will open a new option" line="8">
<kw name="open my browser" library="LoginPage">
<kw name="Open Browser" library="SeleniumLibrary">
<arg>${SiteUrl}</arg>
<arg>${Browser}</arg>
<doc>Opens a new browser instance to the optional ``url``.</doc>
<msg timestamp="20220911 21:14:23.350" level="INFO">Opening browser 'chrome' to base url 'https://sandbox.jnjesm.com/'.</msg>
<status status="PASS" starttime="20220911 21:14:23.350" endtime="20220911 21:14:34.368"/>
</kw>
<kw name="Maximize Browser Window" library="SeleniumLibrary">
<doc>Maximizes current browser window.</doc>
<status status="PASS" starttime="20220911 21:14:34.370" endtime="20220911 21:14:37.422"/>
</kw>
<status status="PASS" starttime="20220911 21:14:23.349" endtime="20220911 21:14:37.422"/>
</kw>
<kw name="click signIn" library="LoginPage">
<kw name="Set Selenium Implicit Wait" library="SeleniumLibrary">
<arg>300</arg>
<doc>Sets the implicit wait value used by Selenium.</doc>
<status status="PASS" starttime="20220911 21:14:37.422" endtime="20220911 21:14:37.422"/>
</kw>
<kw name="Click Element" library="SeleniumLibrary">
<arg>${Authentication_Method}</arg>
<doc>Click the element identified by ``locator``.</doc>
<msg timestamp="20220911 21:14:37.435" level="INFO">Clicking element '//select[@name='scheme']'.</msg>
<status status="PASS" starttime="20220911 21:14:37.422" endtime="20220911 21:14:37.779"/>
</kw>
<kw name="Click Element" library="SeleniumLibrary">
<arg>${Select_Authentication_Method}</arg>
<doc>Click the element identified by ``locator``.</doc>
<msg timestamp="20220911 21:14:37.785" level="INFO">Clicking element '//option[contains(text(),'Non-J&amp;J')]'.</msg>
<status status="PASS" starttime="20220911 21:14:37.784" endtime="20220911 21:14:37.862"/>
</kw>
<kw name="Input Text" library="SeleniumLibrary">
<arg>${SET_EMAIL}</arg>
<arg>${user}</arg>
<doc>Types the given ``text`` into the text field identified by ``locator``.</doc>
<msg timestamp="20220911 21:14:37.863" level="INFO">Typing text 'ramin@rchsolutions.com' into text field '//input[@name='username']'.</msg>
<status status="PASS" starttime="20220911 21:14:37.863" endtime="20220911 21:14:38.124"/>
</kw>
<kw name="Page Should Contain Textfield" library="SeleniumLibrary">
<arg>${user}</arg>
<doc>Verifies text field ``locator`` is found from current page.</doc>
<msg timestamp="20220911 21:14:38.154" level="INFO">Current page contains text field 'ramin@rchsolutions.com'.</msg>
<status status="PASS" starttime="20220911 21:14:38.127" endtime="20220911 21:14:38.155"/>
</kw>
<kw name="Input Password" library="SeleniumLibrary">
<arg>${SET_PASS}</arg>
<arg>${password}</arg>
<doc>Types the given password into the text field identified by ``locator``.</doc>
<msg timestamp="20220911 21:14:38.158" level="INFO">Typing password into text field '//input[@name='password']'.</msg>
<msg timestamp="20220911 21:14:38.205" level="INFO">Temporally setting log level to: NONE</msg>
<msg timestamp="20220911 21:14:38.324" level="INFO">Log level changed from NONE to INFO.</msg>
<status status="PASS" starttime="20220911 21:14:38.157" endtime="20220911 21:14:38.324"/>
</kw>
<kw name="Page Should Contain Textfield" library="SeleniumLibrary">
<arg>${password}</arg>
<doc>Verifies text field ``locator`` is found from current page.</doc>
<msg timestamp="20220911 21:14:38.348" level="INFO">Current page contains text field 'Swamibapa2022@'.</msg>
<status status="PASS" starttime="20220911 21:14:38.325" endtime="20220911 21:14:38.349"/>
</kw>
<kw name="Page Should Contain Button" library="SeleniumLibrary">
<arg>${CLICK_SIGNIN_BTN}</arg>
<doc>Verifies button ``locator`` is found from current page.</doc>
<msg timestamp="20220911 21:14:38.392" level="INFO">Current page contains button '//button[@value='login']'.</msg>
<status status="PASS" starttime="20220911 21:14:38.351" endtime="20220911 21:14:38.392"/>
</kw>
<kw name="Page Should Contain Element" library="SeleniumLibrary">
<arg>${FORGOT_PASS_HYPERLINK}</arg>
<doc>Verifies that element ``locator`` is found on the current page.</doc>
<msg timestamp="20220911 21:14:38.409" level="INFO">Current page contains element '//a[contains(text(),'Forgot password?')]'.</msg>
<status status="PASS" starttime="20220911 21:14:38.394" endtime="20220911 21:14:38.409"/>
</kw>
<kw name="Click Element" library="SeleniumLibrary">
<arg>${CLICK_SIGNIN_BTN}</arg>
<doc>Click the element identified by ``locator``.</doc>
<msg timestamp="20220911 21:14:38.410" level="INFO">Clicking element '//button[@value='login']'.</msg>
<status status="PASS" starttime="20220911 21:14:38.410" endtime="20220911 21:14:38.841"/>
</kw>
<kw name="Sleep" library="BuiltIn">
<arg>5</arg>
<doc>Pauses the test executed for the given time.</doc>
<msg timestamp="20220911 21:14:43.846" level="INFO">Slept 5 seconds</msg>
<status status="PASS" starttime="20220911 21:14:38.844" endtime="20220911 21:14:43.846"/>
</kw>
<status status="PASS" starttime="20220911 21:14:37.422" endtime="20220911 21:14:43.847"/>
</kw>
<kw name="Verify that After clicking on Time Arrow it will open a new option" library="AnalysisQueuePage_003">
<kw name="Set Selenium Implicit Wait" library="SeleniumLibrary">
<arg>300</arg>
<doc>Sets the implicit wait value used by Selenium.</doc>
<status status="PASS" starttime="20220911 21:14:43.850" endtime="20220911 21:14:43.852"/>
</kw>
<kw name="Click Element" library="SeleniumLibrary">
<arg>${Close_Button}</arg>
<doc>Click the element identified by ``locator``.</doc>
<msg timestamp="20220911 21:14:43.852" level="INFO">Clicking element '(//button[contains(text(),'Close')])[1]'.</msg>
<msg timestamp="20220911 21:14:56.664" level="WARN">Keyword 'Capture Page Screenshot' could not be run on failure: Message: no such window: target window already closed
from unknown error: web view not found
  (Session info: chrome=105.0.5195.102)
Stacktrace:
Backtrace:
	Ordinal0 [0x0088DF13+2219795]
	Ordinal0 [0x00822841+1779777]
	Ordinal0 [0x0073423D+803389]
	Ordinal0 [0x0071C70A+706314]
	Ordinal0 [0x00781502+1119490]
	Ordinal0 [0x0078E8FA+1173754]
	Ordinal0 [0x0077E616+1107478]
	Ordinal0 [0x00757F89+950153]
	Ordinal0 [0x00758F56+954198]
	GetHandleVerifier [0x00B82CB2+3040210]
	GetHandleVerifier [0x00B72BB4+2974420]
	GetHandleVerifier [0x00926A0A+565546]
	GetHandleVerifier [0x00925680+560544]
	Ordinal0 [0x00829A5C+1808988]
	Ordinal0 [0x0082E3A8+1827752]
	Ordinal0 [0x0082E495+1827989]
	Ordinal0 [0x008380A4+1867940]
	BaseThreadInitThunk [0x7630FA29+25]
	RtlGetAppContainerNamedObjectPath [0x774A7A9E+286]
	RtlGetAppContainerNamedObjectPath [0x774A7A6E+238]
</msg>
<msg timestamp="20220911 21:14:56.674" level="FAIL">Element with locator '(//button[contains(text(),'Close')])[1]' not found.</msg>
<status status="FAIL" starttime="20220911 21:14:43.852" endtime="20220911 21:14:56.685"/>
</kw>
<kw name="Page Should Contain Element" library="SeleniumLibrary">
<arg>${Analysis_Queue_Button}</arg>
<doc>Verifies that element ``locator`` is found on the current page.</doc>
<status status="NOT RUN" starttime="20220911 21:14:56.686" endtime="20220911 21:14:56.687"/>
</kw>
<kw name="Click Element" library="SeleniumLibrary">
<arg>${Analysis_Queue_Button}</arg>
<doc>Click the element identified by ``locator``.</doc>
<status status="NOT RUN" starttime="20220911 21:14:56.688" endtime="20220911 21:14:56.688"/>
</kw>
<kw name="Page Should Contain Element" library="SeleniumLibrary">
<arg>${Visible_Jobs}</arg>
<doc>Verifies that element ``locator`` is found on the current page.</doc>
<status status="NOT RUN" starttime="20220911 21:14:56.689" endtime="20220911 21:14:56.689"/>
</kw>
<kw name="Click Element" library="SeleniumLibrary">
<arg>${Visible_Jobs}</arg>
<doc>Click the element identified by ``locator``.</doc>
<status status="NOT RUN" starttime="20220911 21:14:56.690" endtime="20220911 21:14:56.691"/>
</kw>
<kw name="Page Should Contain Element" library="SeleniumLibrary">
<arg>${Visible_Jobs_Table_First_Row}</arg>
<doc>Verifies that element ``locator`` is found on the current page.</doc>
<status status="NOT RUN" starttime="20220911 21:14:56.692" endtime="20220911 21:14:56.693"/>
</kw>
<kw name="Click Element" library="SeleniumLibrary">
<arg>${Time_Arrow_Option}</arg>
<doc>Click the element identified by ``locator``.</doc>
<status status="NOT RUN" starttime="20220911 21:14:56.694" endtime="20220911 21:14:56.694"/>
</kw>
<kw name="Sleep" library="BuiltIn">
<arg>3</arg>
<doc>Pauses the test executed for the given time.</doc>
<status status="NOT RUN" starttime="20220911 21:14:56.694" endtime="20220911 21:14:56.694"/>
</kw>
<status status="FAIL" starttime="20220911 21:14:43.849" endtime="20220911 21:14:56.694"/>
</kw>
<kw name="Close Browser" library="SeleniumLibrary">
<doc>Closes the current browser.</doc>
<status status="NOT RUN" starttime="20220911 21:14:56.706" endtime="20220911 21:14:56.706"/>
</kw>
<status status="FAIL" starttime="20220911 21:14:23.348" endtime="20220911 21:14:56.731">Element with locator '(//button[contains(text(),'Close')])[1]' not found.</status>
</test>
<status status="FAIL" starttime="20220911 21:14:23.323" endtime="20220911 21:14:56.822"/>
</suite>
<suite id="s1-s4" name="AnalysisQueue TC 004" source="D:\pharma\Tests\AnalysisQueue\AnalysisQueue_TC_004.robot">
<test id="s1-s4-t1" name="Verify Filter option is working" line="8">
<kw name="open my browser" library="LoginPage">
<kw name="Open Browser" library="SeleniumLibrary">
<arg>${SiteUrl}</arg>
<arg>${Browser}</arg>
<doc>Opens a new browser instance to the optional ``url``.</doc>
<msg timestamp="20220911 21:14:56.878" level="INFO">Opening browser 'chrome' to base url 'https://sandbox.jnjesm.com/'.</msg>
<status status="PASS" starttime="20220911 21:14:56.878" endtime="20220911 21:15:00.460"/>
</kw>
<kw name="Maximize Browser Window" library="SeleniumLibrary">
<doc>Maximizes current browser window.</doc>
<msg timestamp="20220911 21:15:00.496" level="WARN">Keyword 'Capture Page Screenshot' could not be run on failure: Message: no such window: target window already closed
from unknown error: web view not found
  (Session info: chrome=105.0.5195.102)
Stacktrace:
Backtrace:
	Ordinal0 [0x0088DF13+2219795]
	Ordinal0 [0x00822841+1779777]
	Ordinal0 [0x0073423D+803389]
	Ordinal0 [0x0071C70A+706314]
	Ordinal0 [0x00781502+1119490]
	Ordinal0 [0x0078E8FA+1173754]
	Ordinal0 [0x0077E616+1107478]
	Ordinal0 [0x00757F89+950153]
	Ordinal0 [0x00758F56+954198]
	GetHandleVerifier [0x00B82CB2+3040210]
	GetHandleVerifier [0x00B72BB4+2974420]
	GetHandleVerifier [0x00926A0A+565546]
	GetHandleVerifier [0x00925680+560544]
	Ordinal0 [0x00829A5C+1808988]
	Ordinal0 [0x0082E3A8+1827752]
	Ordinal0 [0x0082E495+1827989]
	Ordinal0 [0x008380A4+1867940]
	BaseThreadInitThunk [0x7630FA29+25]
	RtlGetAppContainerNamedObjectPath [0x774A7A9E+286]
	RtlGetAppContainerNamedObjectPath [0x774A7A6E+238]
</msg>
<msg timestamp="20220911 21:15:00.524" level="FAIL">NoSuchWindowException: Message: no such window: target window already closed
from unknown error: web view not found
  (Session info: chrome=105.0.5195.102)
Stacktrace:
Backtrace:
	Ordinal0 [0x0088DF13+2219795]
	Ordinal0 [0x00822841+1779777]
	Ordinal0 [0x0073423D+803389]
	Ordinal0 [0x0071C70A+706314]
	Ordinal0 [0x00781502+1119490]
	Ordinal0 [0x0078E8FA+1173754]
	Ordinal0 [0x0077E616+1107478]
	Ordinal0 [0x00757F89+950153]
	Ordinal0 [0x00758F56+954198]
	GetHandleVerifier [0x00B82CB2+3040210]
	GetHandleVerifier [0x00B72BB4+2974420]
	GetHandleVerifier [0x00926A0A+565546]
	GetHandleVerifier [0x00925680+560544]
	Ordinal0 [0x00829A5C+1808988]
	Ordinal0 [0x0082E3A8+1827752]
	Ordinal0 [0x0082E495+1827989]
	Ordinal0 [0x008380A4+1867940]
	BaseThreadInitThunk [0x7630FA29+25]
	RtlGetAppContainerNamedObjectPath [0x774A7A9E+286]
	RtlGetAppContainerNamedObjectPath [0x774A7A6E+238]
</msg>
<status status="FAIL" starttime="20220911 21:15:00.460" endtime="20220911 21:15:00.545"/>
</kw>
<status status="FAIL" starttime="20220911 21:14:56.877" endtime="20220911 21:15:00.550"/>
</kw>
<kw name="click signIn" library="LoginPage">
<status status="NOT RUN" starttime="20220911 21:15:00.552" endtime="20220911 21:15:00.552"/>
</kw>
<kw name="Verify that all slider up/down/left-right working properly" library="AnalysisQueuePage_004">
<status status="NOT RUN" starttime="20220911 21:15:00.552" endtime="20220911 21:15:00.552"/>
</kw>
<kw name="Close Browser" library="SeleniumLibrary">
<doc>Closes the current browser.</doc>
<status status="NOT RUN" starttime="20220911 21:15:00.552" endtime="20220911 21:15:00.552"/>
</kw>
<status status="FAIL" starttime="20220911 21:14:56.876" endtime="20220911 21:15:00.552">NoSuchWindowException: Message: no such window: target window already closed
from unknown error: web view not found
  (Session info: chrome=105.0.5195.102)
Stacktrace:
Backtrace:
	Ordinal0 [0x0088DF13+2219795]
	Ordinal0 [0x00822841+1779777]
	Ordinal0 [0x0073423D+803389]
	Ordinal0 [0x0071C70A+706314]
	Ordinal0 [0x00781502+1119490]
	Ordinal0 [0x0078E8FA+1173754]
	Ordinal0 [0x0077E616+1107478]
	Ordinal0 [0x00757F89+950153]
	Ordinal0 [0x00758F56+954198]
	GetHandleVerifier [0x00B82CB2+3040210]
	GetHandleVerifier [0x00B72BB4+2974420]
	GetHandleVerifier [0x00926A0A+565546]
	GetHandleVerifier [0x00925680+560544]
	Ordinal0 [0x00829A5C+1808988]
	Ordinal0 [0x0082E3A8+1827752]
	Ordinal0 [0x0082E495+1827989]
	Ordinal0 [0x008380A4+1867940]
	BaseThreadInitThunk [0x7630FA29+25]
	RtlGetAppContainerNamedObjectPath [0x774A7A9E+286]
	RtlGetAppContainerNamedObjectPath [0x774A7A6E+238]
</status>
</test>
<status status="FAIL" starttime="20220911 21:14:56.831" endtime="20220911 21:15:00.650"/>
</suite>
<suite id="s1-s5" name="AnalysisQueue TC 005" source="D:\pharma\Tests\AnalysisQueue\AnalysisQueue_TC_005.robot">
<test id="s1-s5-t1" name="Verify Filter option is working" line="8">
<kw name="open my browser" library="LoginPage">
<kw name="Open Browser" library="SeleniumLibrary">
<arg>${SiteUrl}</arg>
<arg>${Browser}</arg>
<doc>Opens a new browser instance to the optional ``url``.</doc>
<msg timestamp="20220911 21:15:00.834" level="INFO">Opening browser 'chrome' to base url 'https://sandbox.jnjesm.com/'.</msg>
<errors>
<msg timestamp="20220911 21:14:56.664" level="WARN">Keyword 'Capture Page Screenshot' could not be run on failure: Message: no such window: target window already closed
from unknown error: web view not found
  (Session info: chrome=105.0.5195.102)
Stacktrace:
Backtrace:
	Ordinal0 [0x0088DF13+2219795]
	Ordinal0 [0x00822841+1779777]
	Ordinal0 [0x0073423D+803389]
	Ordinal0 [0x0071C70A+706314]
	Ordinal0 [0x00781502+1119490]
	Ordinal0 [0x0078E8FA+1173754]
	Ordinal0 [0x0077E616+1107478]
	Ordinal0 [0x00757F89+950153]
	Ordinal0 [0x00758F56+954198]
	GetHandleVerifier [0x00B82CB2+3040210]
	GetHandleVerifier [0x00B72BB4+2974420]
	GetHandleVerifier [0x00926A0A+565546]
	GetHandleVerifier [0x00925680+560544]
	Ordinal0 [0x00829A5C+1808988]
	Ordinal0 [0x0082E3A8+1827752]
	Ordinal0 [0x0082E495+1827989]
	Ordinal0 [0x008380A4+1867940]
	BaseThreadInitThunk [0x7630FA29+25]
	RtlGetAppContainerNamedObjectPath [0x774A7A9E+286]
	RtlGetAppContainerNamedObjectPath [0x774A7A6E+238]
</msg>
<msg timestamp="20220911 21:15:00.496" level="WARN">Keyword 'Capture Page Screenshot' could not be run on failure: Message: no such window: target window already closed
from unknown error: web view not found
  (Session info: chrome=105.0.5195.102)
Stacktrace:
Backtrace:
	Ordinal0 [0x0088DF13+2219795]
	Ordinal0 [0x00822841+1779777]
	Ordinal0 [0x0073423D+803389]
	Ordinal0 [0x0071C70A+706314]
	Ordinal0 [0x00781502+1119490]
	Ordinal0 [0x0078E8FA+1173754]
	Ordinal0 [0x0077E616+1107478]
	Ordinal0 [0x00757F89+950153]
	Ordinal0 [0x00758F56+954198]
	GetHandleVerifier [0x00B82CB2+3040210]
	GetHandleVerifier [0x00B72BB4+2974420]
	GetHandleVerifier [0x00926A0A+565546]
	GetHandleVerifier [0x00925680+560544]
	Ordinal0 [0x00829A5C+1808988]
	Ordinal0 [0x0082E3A8+1827752]
	Ordinal0 [0x0082E495+1827989]
	Ordinal0 [0x008380A4+1867940]
	BaseThreadInitThunk [0x7630FA29+25]
	RtlGetAppContainerNamedObjectPath [0x774A7A9E+286]
	RtlGetAppContainerNamedObjectPath [0x774A7A6E+238]
</msg>
<msg timestamp="20220911 21:15:04.300" level="ERROR">Execution stopped by user.</msg>
</errors>
</robot>
