<?xml version="1.0" encoding="UTF-8"?>
<robot generator="Robot 5.0.1 (Python 3.8.10 on win32)" generated="20220829 00:06:04.942" rpa="false" schemaversion="3">
<suite id="s1" name="Help TC 001" source="D:\Freelancing\pharma\Tests\Help\Help_TC_001.robot">
<test id="s1-t1" name="Verify that display will show you all information about the HOLO system" line="8">
<kw name="open my browser" library="LoginPage">
<kw name="Open Browser" library="SeleniumLibrary">
<arg>${SiteUrl}</arg>
<arg>${Browser}</arg>
<doc>Opens a new browser instance to the optional ``url``.</doc>
<msg timestamp="20220829 00:06:05.416" level="INFO">Opening browser 'chrome' to base url 'https://sandbox.jnjesm.com/'.</msg>
<status status="PASS" starttime="20220829 00:06:05.415" endtime="20220829 00:06:20.339"/>
</kw>
<kw name="Maximize Browser Window" library="SeleniumLibrary">
<doc>Maximizes current browser window.</doc>
<status status="PASS" starttime="20220829 00:06:20.339" endtime="20220829 00:06:20.505"/>
</kw>
<status status="PASS" starttime="20220829 00:06:05.415" endtime="20220829 00:06:20.505"/>
</kw>
<kw name="click signIn" library="LoginPage">
<kw name="Set Selenium Implicit Wait" library="SeleniumLibrary">
<arg>300</arg>
<doc>Sets the implicit wait value used by Selenium.</doc>
<status status="PASS" starttime="20220829 00:06:20.507" endtime="20220829 00:06:20.509"/>
</kw>
<kw name="Click Element" library="SeleniumLibrary">
<arg>${Authentication_Method}</arg>
<doc>Click the element identified by ``locator``.</doc>
<msg timestamp="20220829 00:06:20.510" level="INFO">Clicking element '//select[@name='scheme']'.</msg>
<status status="PASS" starttime="20220829 00:06:20.509" endtime="20220829 00:06:26.065"/>
</kw>
<kw name="Click Element" library="SeleniumLibrary">
<arg>${Select_Authentication_Method}</arg>
<doc>Click the element identified by ``locator``.</doc>
<msg timestamp="20220829 00:06:26.067" level="INFO">Clicking element '//option[contains(text(),'Non-J&amp;J')]'.</msg>
<status status="PASS" starttime="20220829 00:06:26.066" endtime="20220829 00:06:26.138"/>
</kw>
<kw name="Input Text" library="SeleniumLibrary">
<arg>${SET_EMAIL}</arg>
<arg>${user}</arg>
<doc>Types the given ``text`` into the text field identified by ``locator``.</doc>
<msg timestamp="20220829 00:06:26.140" level="INFO">Typing text 'ramin@rchsolutions.com' into text field '//input[@name='username']'.</msg>
<status status="PASS" starttime="20220829 00:06:26.138" endtime="20220829 00:06:26.385"/>
</kw>
<kw name="Page Should Contain Textfield" library="SeleniumLibrary">
<arg>${user}</arg>
<doc>Verifies text field ``locator`` is found from current page.</doc>
<msg timestamp="20220829 00:06:26.405" level="INFO">Current page contains text field 'ramin@rchsolutions.com'.</msg>
<status status="PASS" starttime="20220829 00:06:26.385" endtime="20220829 00:06:26.405"/>
</kw>
<kw name="Input Password" library="SeleniumLibrary">
<arg>${SET_PASS}</arg>
<arg>${password}</arg>
<doc>Types the given password into the text field identified by ``locator``.</doc>
<msg timestamp="20220829 00:06:26.406" level="INFO">Typing password into text field '//input[@name='password']'.</msg>
<msg timestamp="20220829 00:06:26.462" level="INFO">Temporally setting log level to: NONE</msg>
<msg timestamp="20220829 00:06:26.583" level="INFO">Log level changed from NONE to INFO.</msg>
<status status="PASS" starttime="20220829 00:06:26.405" endtime="20220829 00:06:26.583"/>
</kw>
<kw name="Page Should Contain Textfield" library="SeleniumLibrary">
<arg>${password}</arg>
<doc>Verifies text field ``locator`` is found from current page.</doc>
<msg timestamp="20220829 00:06:26.609" level="INFO">Current page contains text field 'Swamibapa2022@'.</msg>
<status status="PASS" starttime="20220829 00:06:26.583" endtime="20220829 00:06:26.609"/>
</kw>
<kw name="Page Should Contain Button" library="SeleniumLibrary">
<arg>${CLICK_SIGNIN_BTN}</arg>
<doc>Verifies button ``locator`` is found from current page.</doc>
<msg timestamp="20220829 00:06:26.663" level="INFO">Current page contains button '//button[@value='login']'.</msg>
<status status="PASS" starttime="20220829 00:06:26.609" endtime="20220829 00:06:26.663"/>
</kw>
<kw name="Page Should Contain Element" library="SeleniumLibrary">
<arg>${FORGOT_PASS_HYPERLINK}</arg>
<doc>Verifies that element ``locator`` is found on the current page.</doc>
<msg timestamp="20220829 00:06:26.676" level="INFO">Current page contains element '//a[contains(text(),'Forgot password?')]'.</msg>
<status status="PASS" starttime="20220829 00:06:26.663" endtime="20220829 00:06:26.676"/>
</kw>
<kw name="Click Element" library="SeleniumLibrary">
<arg>${CLICK_SIGNIN_BTN}</arg>
<doc>Click the element identified by ``locator``.</doc>
<msg timestamp="20220829 00:06:26.677" level="INFO">Clicking element '//button[@value='login']'.</msg>
<status status="PASS" starttime="20220829 00:06:26.676" endtime="20220829 00:06:30.006"/>
</kw>
<kw name="Sleep" library="BuiltIn">
<arg>5</arg>
<doc>Pauses the test executed for the given time.</doc>
<msg timestamp="20220829 00:06:35.010" level="INFO">Slept 5 seconds</msg>
<status status="PASS" starttime="20220829 00:06:30.006" endtime="20220829 00:06:35.011"/>
</kw>
<status status="PASS" starttime="20220829 00:06:20.506" endtime="20220829 00:06:35.011"/>
</kw>
<kw name="display show all information about Halo" library="HelpPage_001">
<kw name="Set Selenium Implicit Wait" library="SeleniumLibrary">
<arg>300</arg>
<doc>Sets the implicit wait value used by Selenium.</doc>
<status status="PASS" starttime="20220829 00:06:35.013" endtime="20220829 00:06:35.016"/>
</kw>
<kw name="Click Button" library="SeleniumLibrary">
<arg>${Close_Button}</arg>
<doc>Clicks the button identified by ``locator``.</doc>
<msg timestamp="20220829 00:06:35.017" level="INFO">Clicking button '(//button[contains(text(),'Close')])[1]'.</msg>
<status status="PASS" starttime="20220829 00:06:35.017" endtime="20220829 00:06:35.112"/>
</kw>
<kw name="Click Element" library="SeleniumLibrary">
<arg>${Help_Icon}</arg>
<doc>Click the element identified by ``locator``.</doc>
<msg timestamp="20220829 00:06:35.113" level="INFO">Clicking element '(//div[@class='ui dropdown item navDropdown'])[2]'.</msg>
<status status="PASS" starttime="20220829 00:06:35.112" endtime="20220829 00:06:42.552"/>
</kw>
<kw name="Double Click Element" library="SeleniumLibrary">
<arg>${About_Halo_link}</arg>
<doc>Double clicks the element identified by ``locator``.</doc>
<msg timestamp="20220829 00:06:42.553" level="INFO">Double clicking element '//div[contains(text(),'About HALO Link')]'.</msg>
<msg timestamp="20220829 00:06:42.790" level="INFO" html="true">&lt;/td&gt;&lt;/tr&gt;&lt;tr&gt;&lt;td colspan="3"&gt;&lt;a href="selenium-screenshot-2.png"&gt;&lt;img src="selenium-screenshot-2.png" width="800px"&gt;&lt;/a&gt;</msg>
<msg timestamp="20220829 00:06:42.791" level="FAIL">ElementNotInteractableException: Message: element not interactable: [object HTMLDivElement] has no size and location
  (Session info: chrome=104.0.5112.102)
Stacktrace:
Backtrace:
	Ordinal0 [0x01126463+2188387]
	Ordinal0 [0x010BE461+1762401]
	Ordinal0 [0x00FD3D78+802168]
	Ordinal0 [0x00FD6754+812884]
	Ordinal0 [0x00FD6612+812562]
	Ordinal0 [0x00FD68A0+813216]
	Ordinal0 [0x010073EE+1012718]
	Ordinal0 [0x01006A5A+1010266]
	Ordinal0 [0x01033E23+1195555]
	Ordinal0 [0x0101C7DC+1099740]
	Ordinal0 [0x0102CC22+1166370]
	Ordinal0 [0x0101C5F6+1099254]
	Ordinal0 [0x00FF6BE0+945120]
	Ordinal0 [0x00FF7AD6+948950]
	GetHandleVerifier [0x013C71F2+2712546]
	GetHandleVerifier [0x013B886D+2652765]
	GetHandleVerifier [0x011B002A+520730]
	GetHandleVerifier [0x011AEE06+516086]
	Ordinal0 [0x010C468B+1787531]
	Ordinal0 [0x010C8E88+1805960]
	Ordinal0 [0x010C8F75+1806197]
	Ordinal0 [0x010D1DF1+1842673]
	BaseThreadInitThunk [0x7600FA29+25]
	RtlGetAppContainerNamedObjectPath [0x770D7A9E+286]
	RtlGetAppContainerNamedObjectPath [0x770D7A6E+238]
</msg>
<status status="FAIL" starttime="20220829 00:06:42.552" endtime="20220829 00:06:42.794"/>
</kw>
<kw name="Click Button" library="SeleniumLibrary">
<arg>${Close_Button}</arg>
<doc>Clicks the button identified by ``locator``.</doc>
<status status="NOT RUN" starttime="20220829 00:06:42.794" endtime="20220829 00:06:42.794"/>
</kw>
<kw name="Sleep" library="BuiltIn">
<arg>5</arg>
<doc>Pauses the test executed for the given time.</doc>
<status status="NOT RUN" starttime="20220829 00:06:42.794" endtime="20220829 00:06:42.795"/>
</kw>
<status status="FAIL" starttime="20220829 00:06:35.013" endtime="20220829 00:06:42.795"/>
</kw>
<kw name="Close Browser" library="SeleniumLibrary">
<doc>Closes the current browser.</doc>
<status status="NOT RUN" starttime="20220829 00:06:42.796" endtime="20220829 00:06:42.796"/>
</kw>
<status status="FAIL" starttime="20220829 00:06:05.414" endtime="20220829 00:06:42.797">ElementNotInteractableException: Message: element not interactable: [object HTMLDivElement] has no size and location
  (Session info: chrome=104.0.5112.102)
Stacktrace:
Backtrace:
	Ordinal0 [0x01126463+2188387]
	Ordinal0 [0x010BE461+1762401]
	Ordinal0 [0x00FD3D78+802168]
	Ordinal0 [0x00FD6754+812884]
	Ordinal0 [0x00FD6612+812562]
	Ordinal0 [0x00FD68A0+813216]
	Ordinal0 [0x010073EE+1012718]
	Ordinal0 [0x01006A5A+1010266]
	Ordinal0 [0x01033E23+1195555]
	Ordinal0 [0x0101C7DC+1099740]
	Ordinal0 [0x0102CC22+1166370]
	Ordinal0 [0x0101C5F6+1099254]
	Ordinal0 [0x00FF6BE0+945120]
	Ordinal0 [0x00FF7AD6+948950]
	GetHandleVerifier [0x013C71F2+2712546]
	GetHandleVerifier [0x013B886D+2652765]
	GetHandleVerifier [0x011B002A+520730]
	GetHandleVerifier [0x011AEE06+516086]
	Ordinal0 [0x010C468B+1787531]
	Ordinal0 [0x010C8E88+1805960]
	Ordinal0 [0x010C8F75+1806197]
	Ordinal0 [0x010D1DF1+1842673]
	BaseThreadInitThunk [0x7600FA29+25]
	RtlGetAppContainerNamedObjectPath [0x770D7A9E+286]
	RtlGetAppContainerNamedObjectPath [0x770D7A6E+238]
</status>
</test>
<status status="FAIL" starttime="20220829 00:06:04.945" endtime="20220829 00:06:42.800"/>
</suite>
<statistics>
<total>
<stat pass="0" fail="1" skip="0">All Tests</stat>
</total>
<tag>
</tag>
<suite>
<stat pass="0" fail="1" skip="0" id="s1" name="Help TC 001">Help TC 001</stat>
</suite>
</statistics>
<errors>
</errors>
</robot>
