<?xml version="1.0" encoding="UTF-8"?>
<robot generator="Robot 5.0.1 (Python 3.8.10 on win32)" generated="20220829 00:36:23.245" rpa="false" schemaversion="3">
<suite id="s1" name="SlideSearchTest TC 001" source="D:\Freelancing\pharma\Tests\SlideSearch\SlideSearchTest_TC_001.robot">
<test id="s1-t1" name="Verify Filter option is working" line="8">
<kw name="open my browser" library="LoginPage">
<kw name="Open Browser" library="SeleniumLibrary">
<arg>${SiteUrl}</arg>
<arg>${Browser}</arg>
<doc>Opens a new browser instance to the optional ``url``.</doc>
<msg timestamp="20220829 00:36:23.714" level="INFO">Opening browser 'chrome' to base url 'https://sandbox.jnjesm.com/'.</msg>
<status status="PASS" starttime="20220829 00:36:23.712" endtime="20220829 00:39:21.559"/>
</kw>
<kw name="Maximize Browser Window" library="SeleniumLibrary">
<doc>Maximizes current browser window.</doc>
<msg timestamp="20220829 00:39:21.567" level="WARN">Keyword 'Capture Page Screenshot' could not be run on failure: Message: no such window: target window already closed
from unknown error: web view not found
  (Session info: chrome=104.0.5112.102)
Stacktrace:
Backtrace:
	Ordinal0 [0x01126463+2188387]
	Ordinal0 [0x010BE461+1762401]
	Ordinal0 [0x00FD3D78+802168]
	Ordinal0 [0x00FBC680+706176]
	Ordinal0 [0x0101F169+1110377]
	Ordinal0 [0x0102C3C2+1164226]
	Ordinal0 [0x0101C5F6+1099254]
	Ordinal0 [0x00FF6BE0+945120]
	Ordinal0 [0x00FF7AD6+948950]
	GetHandleVerifier [0x013C71F2+2712546]
	GetHandleVerifier [0x013B886D+2652765]
	GetHandleVerifier [0x011B002A+520730]
	GetHandleVerifier [0x011AEE06+516086]
	Ordinal0 [0x010C468B+1787531]
	Ordinal0 [0x010C8E88+1805960]
	Ordinal0 [0x010C8F75+1806197]
	Ordinal0 [0x010D1DF1+1842673]
	BaseThreadInitThunk [0x7600FA29+25]
	RtlGetAppContainerNamedObjectPath [0x770D7A9E+286]
	RtlGetAppContainerNamedObjectPath [0x770D7A6E+238]
</msg>
<msg timestamp="20220829 00:39:21.580" level="FAIL">NoSuchWindowException: Message: no such window: target window already closed
from unknown error: web view not found
  (Session info: chrome=104.0.5112.102)
Stacktrace:
Backtrace:
	Ordinal0 [0x01126463+2188387]
	Ordinal0 [0x010BE461+1762401]
	Ordinal0 [0x00FD3D78+802168]
	Ordinal0 [0x00FBC680+706176]
	Ordinal0 [0x0101F169+1110377]
	Ordinal0 [0x0102C3C2+1164226]
	Ordinal0 [0x0101C5F6+1099254]
	Ordinal0 [0x00FF6BE0+945120]
	Ordinal0 [0x00FF7AD6+948950]
	GetHandleVerifier [0x013C71F2+2712546]
	GetHandleVerifier [0x013B886D+2652765]
	GetHandleVerifier [0x011B002A+520730]
	GetHandleVerifier [0x011AEE06+516086]
	Ordinal0 [0x010C468B+1787531]
	Ordinal0 [0x010C8E88+1805960]
	Ordinal0 [0x010C8F75+1806197]
	Ordinal0 [0x010D1DF1+1842673]
	BaseThreadInitThunk [0x7600FA29+25]
	RtlGetAppContainerNamedObjectPath [0x770D7A9E+286]
	RtlGetAppContainerNamedObjectPath [0x770D7A6E+238]
</msg>
<status status="FAIL" starttime="20220829 00:39:21.561" endtime="20220829 00:39:21.585"/>
</kw>
<status status="FAIL" starttime="20220829 00:36:23.711" endtime="20220829 00:39:21.587"/>
</kw>
<kw name="click signIn" library="LoginPage">
<status status="NOT RUN" starttime="20220829 00:39:21.603" endtime="20220829 00:39:21.603"/>
</kw>
<kw name="Verify that Search Result is showing on display" library="SlideSharePage_001">
<status status="NOT RUN" starttime="20220829 00:39:21.613" endtime="20220829 00:39:21.614"/>
</kw>
<kw name="Close Browser" library="SeleniumLibrary">
<doc>Closes the current browser.</doc>
<status status="NOT RUN" starttime="20220829 00:39:21.638" endtime="20220829 00:39:21.639"/>
</kw>
<status status="FAIL" starttime="20220829 00:36:23.709" endtime="20220829 00:39:21.641">NoSuchWindowException: Message: no such window: target window already closed
from unknown error: web view not found
  (Session info: chrome=104.0.5112.102)
Stacktrace:
Backtrace:
	Ordinal0 [0x01126463+2188387]
	Ordinal0 [0x010BE461+1762401]
	Ordinal0 [0x00FD3D78+802168]
	Ordinal0 [0x00FBC680+706176]
	Ordinal0 [0x0101F169+1110377]
	Ordinal0 [0x0102C3C2+1164226]
	Ordinal0 [0x0101C5F6+1099254]
	Ordinal0 [0x00FF6BE0+945120]
	Ordinal0 [0x00FF7AD6+948950]
	GetHandleVerifier [0x013C71F2+2712546]
	GetHandleVerifier [0x013B886D+2652765]
	GetHandleVerifier [0x011B002A+520730]
	GetHandleVerifier [0x011AEE06+516086]
	Ordinal0 [0x010C468B+1787531]
	Ordinal0 [0x010C8E88+1805960]
	Ordinal0 [0x010C8F75+1806197]
	Ordinal0 [0x010D1DF1+1842673]
	BaseThreadInitThunk [0x7600FA29+25]
	RtlGetAppContainerNamedObjectPath [0x770D7A9E+286]
	RtlGetAppContainerNamedObjectPath [0x770D7A6E+238]
</status>
</test>
<status status="FAIL" starttime="20220829 00:36:23.249" endtime="20220829 00:39:21.668"/>
</suite>
<statistics>
<total>
<stat pass="0" fail="1" skip="0">All Tests</stat>
</total>
<tag>
</tag>
<suite>
<stat pass="0" fail="1" skip="0" id="s1" name="SlideSearchTest TC 001">SlideSearchTest TC 001</stat>
</suite>
</statistics>
<errors>
<msg timestamp="20220829 00:39:21.567" level="WARN">Keyword 'Capture Page Screenshot' could not be run on failure: Message: no such window: target window already closed
from unknown error: web view not found
  (Session info: chrome=104.0.5112.102)
Stacktrace:
Backtrace:
	Ordinal0 [0x01126463+2188387]
	Ordinal0 [0x010BE461+1762401]
	Ordinal0 [0x00FD3D78+802168]
	Ordinal0 [0x00FBC680+706176]
	Ordinal0 [0x0101F169+1110377]
	Ordinal0 [0x0102C3C2+1164226]
	Ordinal0 [0x0101C5F6+1099254]
	Ordinal0 [0x00FF6BE0+945120]
	Ordinal0 [0x00FF7AD6+948950]
	GetHandleVerifier [0x013C71F2+2712546]
	GetHandleVerifier [0x013B886D+2652765]
	GetHandleVerifier [0x011B002A+520730]
	GetHandleVerifier [0x011AEE06+516086]
	Ordinal0 [0x010C468B+1787531]
	Ordinal0 [0x010C8E88+1805960]
	Ordinal0 [0x010C8F75+1806197]
	Ordinal0 [0x010D1DF1+1842673]
	BaseThreadInitThunk [0x7600FA29+25]
	RtlGetAppContainerNamedObjectPath [0x770D7A9E+286]
	RtlGetAppContainerNamedObjectPath [0x770D7A6E+238]
</msg>
</errors>
</robot>
